<?xml version="1.0" encoding="UTF-8"?>
<!-- Generated by org.testng.reporters.JUnitReportReporter -->
<testsuite hostname="IN-PG02P5VN" failures="0" tests="2" name="testCases.testSalePage" time="6.326" errors="0" timestamp="2023-08-03T22:10:22 IST" skipped="0">
  <testcase classname="testCases.testSalePage" name="verifyTitleofSalePage" time="6.209"/>
  <system-out/>
  <testcase classname="testCases.testSalePage" name="verifyWomenDeals" time="0.117"/>
  <system-out/>
</testsuite> <!-- testCases.testSalePage -->
