<?xml version="1.0" encoding="UTF-8"?>
<!-- Generated by org.testng.reporters.JUnitReportReporter -->
<testsuite hostname="IN-PG02P5VN" failures="0" tests="1" name="testCases.testLogOut" time="11.318" errors="0" timestamp="2023-08-03T22:10:22 IST" skipped="0">
  <testcase classname="testCases.testLogOut" name="test_Log_Out" time="11.318"/>
  <system-out/>
</testsuite> <!-- testCases.testLogOut -->
