<?xml version="1.0" encoding="UTF-8"?>
<!-- Generated by org.testng.reporters.JUnitReportReporter -->
<testsuite hostname="IN-PG02P5VN" failures="0" tests="1" name="testCases.testLoginPage" time="5.518" errors="0" timestamp="2023-04-30T12:17:46 IST" skipped="0">
  <testcase classname="testCases.testLoginPage" name="test_Login_In_Page" time="5.518"/>
  <system-out/>
</testsuite> <!-- testCases.testLoginPage -->
