<?xml version="1.0" encoding="UTF-8"?>
<!-- Generated by org.testng.reporters.JUnitReportReporter -->
<testsuite hostname="IN-PG02P5VN" failures="0" tests="1" name="testCases.home" time="9.505" errors="0" timestamp="2023-04-30T13:58:21 IST" skipped="0">
  <testcase classname="testCases.home" name="verifyNumberofJacket" time="9.505"/>
  <system-out/>
</testsuite> <!-- testCases.home -->
