<?xml version="1.0" encoding="UTF-8"?>
<!-- Generated by org.testng.reporters.JUnitReportReporter -->
<testsuite hostname="IN-PG02P5VN" failures="0" tests="1" name="testCases.verifySearchItem" time="5.794" errors="0" timestamp="2023-08-04T18:01:06 IST" skipped="0">
  <testcase classname="testCases.verifySearchItem" name="verifySearch" time="5.794"/>
  <system-out/>
</testsuite> <!-- testCases.verifySearchItem -->
