<?xml version="1.0" encoding="UTF-8"?>
<!-- Generated by org.testng.reporters.JUnitReportReporter -->
<testsuite hostname="IN-PG02P5VN" failures="0" tests="1" name="testCases.verifyMyAccount" time="10.758" errors="0" timestamp="2023-08-04T18:01:06 IST" skipped="0">
  <testcase classname="testCases.verifyMyAccount" name="verifyTitleOfMyAccount" time="10.758"/>
  <system-out/>
</testsuite> <!-- testCases.verifyMyAccount -->
